<?xml version="1.0" encoding="UTF-8" standalone="no"?><testsuite errors="1" failures="0" name="Successful login with username and password" skipped="0" tests="1" time="0.0" timestamp="2024-05-10 10:51:23"><testcase name="Login into the website with correct username and password"><error message="Cannot invoke &quot;Object.getClass()&quot; because &quot;object&quot; is null" type="java.lang.NullPointerException">Cannot invoke "Object.getClass()" because "object" is null</error><system-err>Cannot invoke "Object.getClass()" because "object" is null
</system-err></testcase></testsuite>